<?xml version="1.0" encoding="UTF-8"?>
<coverage generated="1591557401960" clover="3.2.0">
  <project timestamp="1591557401960" name="All files">
    <metrics statements="118" coveredstatements="44" conditionals="51" coveredconditionals="14" methods="48" coveredmethods="16" elements="217" coveredelements="74" complexity="0" loc="118" ncloc="118" packages="4" files="9" classes="9"/>
    <package name="src">
      <metrics statements="1" coveredstatements="1" conditionals="0" coveredconditionals="0" methods="0" coveredmethods="0"/>
      <file name="env.js" path="C:\Users\Cliente\Documents\squad-1-ad-vuejs-contaazul-1\central-erros\src\env.js">
        <metrics statements="1" coveredstatements="1" conditionals="0" coveredconditionals="0" methods="0" coveredmethods="0"/>
        <line num="1" count="3" type="stmt"/>
      </file>
    </package>
    <package name="src.services">
      <metrics statements="6" coveredstatements="4" conditionals="0" coveredconditionals="0" methods="3" coveredmethods="1"/>
      <file name="login.js" path="C:\Users\Cliente\Documents\squad-1-ad-vuejs-contaazul-1\central-erros\src\services\login.js">
        <metrics statements="6" coveredstatements="4" conditionals="0" coveredconditionals="0" methods="3" coveredmethods="1"/>
        <line num="4" count="3" type="stmt"/>
        <line num="5" count="0" type="stmt"/>
        <line num="8" count="3" type="stmt"/>
        <line num="9" count="3" type="stmt"/>
        <line num="12" count="3" type="stmt"/>
        <line num="13" count="0" type="stmt"/>
      </file>
    </package>
    <package name="src.views">
      <metrics statements="62" coveredstatements="32" conditionals="35" coveredconditionals="14" methods="22" coveredmethods="14"/>
      <file name="ChangePassword.vue" path="C:\Users\Cliente\Documents\squad-1-ad-vuejs-contaazul-1\central-erros\src\views\ChangePassword.vue">
        <metrics statements="17" coveredstatements="8" conditionals="9" coveredconditionals="3" methods="7" coveredmethods="4"/>
        <line num="135" count="1" type="stmt"/>
        <line num="136" count="1" type="stmt"/>
        <line num="147" count="9" type="stmt"/>
        <line num="177" count="1" type="stmt"/>
        <line num="182" count="0" type="stmt"/>
        <line num="183" count="0" type="stmt"/>
        <line num="186" count="0" type="stmt"/>
        <line num="188" count="0" type="cond" truecount="0" falsecount="2"/>
        <line num="189" count="0" type="stmt"/>
        <line num="193" count="0" type="stmt"/>
        <line num="201" count="0" type="stmt"/>
        <line num="205" count="2" type="stmt"/>
        <line num="206" count="2" type="cond" truecount="1" falsecount="1"/>
        <line num="207" count="0" type="stmt"/>
        <line num="211" count="1" type="cond" truecount="2" falsecount="3"/>
        <line num="212" count="1" type="stmt"/>
        <line num="214" count="0" type="stmt"/>
      </file>
      <file name="Login.vue" path="C:\Users\Cliente\Documents\squad-1-ad-vuejs-contaazul-1\central-erros\src\views\Login.vue">
        <metrics statements="27" coveredstatements="10" conditionals="16" coveredconditionals="3" methods="8" coveredmethods="5"/>
        <line num="92" count="1" type="stmt"/>
        <line num="93" count="1" type="stmt"/>
        <line num="94" count="1" type="stmt"/>
        <line num="99" count="8" type="stmt"/>
        <line num="123" count="8" type="cond" truecount="2" falsecount="0"/>
        <line num="124" count="1" type="stmt"/>
        <line num="131" count="0" type="cond" truecount="0" falsecount="2"/>
        <line num="132" count="0" type="stmt"/>
        <line num="135" count="0" type="cond" truecount="0" falsecount="2"/>
        <line num="136" count="0" type="stmt"/>
        <line num="140" count="0" type="stmt"/>
        <line num="146" count="1" type="stmt"/>
        <line num="147" count="0" type="cond" truecount="0" falsecount="2"/>
        <line num="148" count="0" type="cond" truecount="0" falsecount="2"/>
        <line num="149" count="0" type="stmt"/>
        <line num="150" count="0" type="stmt"/>
        <line num="151" count="0" type="stmt"/>
        <line num="153" count="0" type="stmt"/>
        <line num="156" count="0" type="stmt"/>
        <line num="160" count="1" type="stmt"/>
        <line num="161" count="0" type="stmt"/>
        <line num="164" count="1" type="stmt"/>
        <line num="165" count="1" type="cond" truecount="1" falsecount="1"/>
        <line num="166" count="0" type="stmt"/>
        <line num="170" count="0" type="cond" truecount="0" falsecount="4"/>
        <line num="171" count="0" type="stmt"/>
        <line num="173" count="0" type="stmt"/>
      </file>
      <file name="Register.vue" path="C:\Users\Cliente\Documents\squad-1-ad-vuejs-contaazul-1\central-erros\src\views\Register.vue">
        <metrics statements="18" coveredstatements="14" conditionals="10" coveredconditionals="8" methods="7" coveredmethods="5"/>
        <line num="136" count="1" type="stmt"/>
        <line num="137" count="1" type="stmt"/>
        <line num="138" count="1" type="stmt"/>
        <line num="149" count="11" type="stmt"/>
        <line num="181" count="1" type="stmt"/>
        <line num="186" count="2" type="stmt"/>
        <line num="187" count="0" type="stmt"/>
        <line num="190" count="3" type="stmt"/>
        <line num="191" count="3" type="stmt"/>
        <line num="192" count="3" type="stmt"/>
        <line num="198" count="3" type="stmt"/>
        <line num="200" count="1" type="cond" truecount="2" falsecount="2"/>
        <line num="201" count="0" type="stmt"/>
        <line num="211" count="0" type="stmt"/>
        <line num="212" count="0" type="stmt"/>
        <line num="215" count="2" type="cond" truecount="6" falsecount="0"/>
        <line num="216" count="1" type="stmt"/>
        <line num="218" count="1" type="stmt"/>
      </file>
    </package>
    <package name="src.views.Logs">
      <metrics statements="49" coveredstatements="7" conditionals="16" coveredconditionals="0" methods="23" coveredmethods="1"/>
      <file name="Index.vue" path="C:\Users\Cliente\Documents\squad-1-ad-vuejs-contaazul-1\central-erros\src\views\Logs\Index.vue">
        <metrics statements="10" coveredstatements="4" conditionals="4" coveredconditionals="0" methods="3" coveredmethods="1"/>
        <line num="122" count="1" type="stmt"/>
        <line num="123" count="1" type="stmt"/>
        <line num="124" count="1" type="stmt"/>
        <line num="133" count="1" type="stmt"/>
        <line num="140" count="0" type="stmt"/>
        <line num="143" count="0" type="cond" truecount="0" falsecount="2"/>
        <line num="144" count="0" type="stmt"/>
        <line num="147" count="0" type="cond" truecount="0" falsecount="2"/>
        <line num="148" count="0" type="stmt"/>
        <line num="149" count="0" type="stmt"/>
      </file>
      <file name="Logs.vue" path="C:\Users\Cliente\Documents\squad-1-ad-vuejs-contaazul-1\central-erros\src\views\Logs\Logs.vue">
        <metrics statements="22" coveredstatements="2" conditionals="6" coveredconditionals="0" methods="12" coveredmethods="0"/>
        <line num="124" count="1" type="stmt"/>
        <line num="125" count="1" type="stmt"/>
        <line num="131" count="0" type="stmt"/>
        <line num="138" count="0" type="stmt"/>
        <line num="155" count="0" type="stmt"/>
        <line num="159" count="0" type="stmt"/>
        <line num="162" count="0" type="stmt"/>
        <line num="165" count="0" type="stmt"/>
        <line num="168" count="0" type="stmt"/>
        <line num="171" count="0" type="stmt"/>
        <line num="172" count="0" type="stmt"/>
        <line num="173" count="0" type="stmt"/>
        <line num="176" count="0" type="cond" truecount="0" falsecount="2"/>
        <line num="177" count="0" type="stmt"/>
        <line num="180" count="0" type="cond" truecount="0" falsecount="2"/>
        <line num="181" count="0" type="stmt"/>
        <line num="184" count="0" type="cond" truecount="0" falsecount="2"/>
        <line num="185" count="0" type="stmt"/>
        <line num="188" count="0" type="stmt"/>
        <line num="191" count="0" type="stmt"/>
        <line num="194" count="0" type="stmt"/>
        <line num="197" count="0" type="stmt"/>
      </file>
      <file name="ModalCofirmacao.vue" path="C:\Users\Cliente\Documents\squad-1-ad-vuejs-contaazul-1\central-erros\src\views\Logs\ModalCofirmacao.vue">
        <metrics statements="9" coveredstatements="0" conditionals="6" coveredconditionals="0" methods="3" coveredmethods="0"/>
        <line num="38" count="0" type="cond" truecount="0" falsecount="2"/>
        <line num="39" count="0" type="stmt"/>
        <line num="42" count="0" type="cond" truecount="0" falsecount="2"/>
        <line num="43" count="0" type="stmt"/>
        <line num="46" count="0" type="cond" truecount="0" falsecount="2"/>
        <line num="47" count="0" type="stmt"/>
        <line num="50" count="0" type="stmt"/>
        <line num="55" count="0" type="stmt"/>
        <line num="58" count="0" type="stmt"/>
      </file>
      <file name="Toolbar.vue" path="C:\Users\Cliente\Documents\squad-1-ad-vuejs-contaazul-1\central-erros\src\views\Logs\Toolbar.vue">
        <metrics statements="8" coveredstatements="1" conditionals="0" coveredconditionals="0" methods="5" coveredmethods="0"/>
        <line num="138" count="1" type="stmt"/>
        <line num="143" count="0" type="stmt"/>
        <line num="150" count="0" type="stmt"/>
        <line num="162" count="0" type="stmt"/>
        <line num="165" count="0" type="stmt"/>
        <line num="169" count="0" type="stmt"/>
        <line num="170" count="0" type="stmt"/>
        <line num="171" count="0" type="stmt"/>
      </file>
    </package>
  </project>
</coverage>
