{"C:\\Users\\Cliente\\Documents\\squad-1-ad-vuejs-contaazul-1\\central-erros\\src\\env.js": {"path":"C:\\Users\\Cliente\\Documents\\squad-1-ad-vuejs-contaazul-1\\central-erros\\src\\env.js","statementMap":{"0":{"start":{"line":3,"column":19},"end":{"line":3,"column":71}},"1":{"start":{"line":5,"column":30},"end":{"line":7,"column":1}},"2":{"start":{"line":6,"column":4},"end":{"line":6,"column":70}}},"fnMap":{"0":{"name":"(anonymous_0)","decl":{"start":{"line":5,"column":30},"end":{"line":5,"column":31}},"loc":{"start":{"line":5,"column":39},"end":{"line":7,"column":1}},"line":5}},"branchMap":{},"s":{"0":3,"1":3,"2":0},"f":{"0":0},"b":{},"_coverageSchema":"43e27e138ebf9cfc5966b082cf9a028302ed4184","hash":"9299119ea9eae39dad00247ef9f6777025cd58a9"}
,"C:\\Users\\Cliente\\Documents\\squad-1-ad-vuejs-contaazul-1\\central-erros\\src\\services\\login.js": {"path":"C:\\Users\\Cliente\\Documents\\squad-1-ad-vuejs-contaazul-1\\central-erros\\src\\services\\login.js","statementMap":{"0":{"start":{"line":4,"column":23},"end":{"line":6,"column":1}},"1":{"start":{"line":5,"column":2},"end":{"line":5,"column":42}},"2":{"start":{"line":8,"column":24},"end":{"line":10,"column":1}},"3":{"start":{"line":9,"column":2},"end":{"line":9,"column":35}},"4":{"start":{"line":12,"column":25},"end":{"line":14,"column":1}},"5":{"start":{"line":13,"column":2},"end":{"line":13,"column":51}},"6":{"start":{"line":16,"column":37},"end":{"line":20,"column":1}},"7":{"start":{"line":17,"column":16},"end":{"line":17,"column":47}},"8":{"start":{"line":18,"column":15},"end":{"line":18,"column":114}},"9":{"start":{"line":18,"column":39},"end":{"line":18,"column":113}},"10":{"start":{"line":19,"column":2},"end":{"line":19,"column":14}}},"fnMap":{"0":{"name":"(anonymous_0)","decl":{"start":{"line":4,"column":23},"end":{"line":4,"column":24}},"loc":{"start":{"line":4,"column":33},"end":{"line":6,"column":1}},"line":4},"1":{"name":"(anonymous_1)","decl":{"start":{"line":8,"column":24},"end":{"line":8,"column":25}},"loc":{"start":{"line":8,"column":30},"end":{"line":10,"column":1}},"line":8},"2":{"name":"(anonymous_2)","decl":{"start":{"line":12,"column":25},"end":{"line":12,"column":26}},"loc":{"start":{"line":12,"column":33},"end":{"line":14,"column":1}},"line":12},"3":{"name":"(anonymous_3)","decl":{"start":{"line":16,"column":37},"end":{"line":16,"column":38}},"loc":{"start":{"line":16,"column":66},"end":{"line":20,"column":1}},"line":16},"4":{"name":"(anonymous_4)","decl":{"start":{"line":18,"column":31},"end":{"line":18,"column":32}},"loc":{"start":{"line":18,"column":39},"end":{"line":18,"column":113}},"line":18}},"branchMap":{"0":{"loc":{"start":{"line":18,"column":39},"end":{"line":18,"column":113}},"type":"binary-expr","locations":[{"start":{"line":18,"column":39},"end":{"line":18,"column":71}},{"start":{"line":18,"column":75},"end":{"line":18,"column":113}}],"line":18}},"s":{"0":3,"1":0,"2":3,"3":3,"4":3,"5":0,"6":3,"7":0,"8":0,"9":0,"10":0},"f":{"0":0,"1":3,"2":0,"3":0,"4":0},"b":{"0":[0,0]},"_coverageSchema":"43e27e138ebf9cfc5966b082cf9a028302ed4184","hash":"375a748ae8399aaf0315ce65469856ef5781bfe0"}
,"C:\\Users\\Cliente\\Documents\\squad-1-ad-vuejs-contaazul-1\\central-erros\\src\\views\\ChangePassword.vue": {"path":"C:\\Users\\Cliente\\Documents\\squad-1-ad-vuejs-contaazul-1\\central-erros\\src\\views\\ChangePassword.vue","statementMap":{"0":{"start":{"line":135,"column":0},"end":{"line":135,"column":null}},"1":{"start":{"line":136,"column":0},"end":{"line":136,"column":null}},"2":{"start":{"line":147,"column":0},"end":{"line":147,"column":null}},"3":{"start":{"line":177,"column":0},"end":{"line":177,"column":null}},"4":{"start":{"line":182,"column":0},"end":{"line":182,"column":null}},"5":{"start":{"line":183,"column":0},"end":{"line":183,"column":null}},"6":{"start":{"line":186,"column":0},"end":{"line":186,"column":null}},"7":{"start":{"line":188,"column":0},"end":{"line":202,"column":null}},"8":{"start":{"line":189,"column":0},"end":{"line":189,"column":null}},"9":{"start":{"line":193,"column":0},"end":{"line":194,"column":null}},"10":{"start":{"line":201,"column":0},"end":{"line":201,"column":null}},"11":{"start":{"line":205,"column":0},"end":{"line":205,"column":null}},"12":{"start":{"line":206,"column":0},"end":{"line":208,"column":null}},"13":{"start":{"line":207,"column":0},"end":{"line":207,"column":null}},"14":{"start":{"line":211,"column":0},"end":{"line":215,"column":null}},"15":{"start":{"line":212,"column":0},"end":{"line":212,"column":null}},"16":{"start":{"line":214,"column":0},"end":{"line":214,"column":null}}},"fnMap":{"0":{"name":"(anonymous_1)","decl":{"start":{"line":146,"column":0},"end":{"line":146,"column":null}},"loc":{"start":{"line":146,"column":0},"end":{"line":157,"column":null}}},"1":{"name":"(anonymous_2)","decl":{"start":{"line":176,"column":0},"end":{"line":176,"column":null}},"loc":{"start":{"line":176,"column":0},"end":{"line":180,"column":null}}},"2":{"name":"(anonymous_3)","decl":{"start":{"line":181,"column":0},"end":{"line":181,"column":null}},"loc":{"start":{"line":181,"column":0},"end":{"line":184,"column":null}}},"3":{"name":"(anonymous_4)","decl":{"start":{"line":183,"column":0},"end":{"line":183,"column":null}},"loc":{"start":{"line":183,"column":0},"end":{"line":183,"column":null}}},"4":{"name":"(anonymous_5)","decl":{"start":{"line":185,"column":0},"end":{"line":185,"column":null}},"loc":{"start":{"line":185,"column":0},"end":{"line":203,"column":null}}},"5":{"name":"(anonymous_6)","decl":{"start":{"line":204,"column":0},"end":{"line":204,"column":null}},"loc":{"start":{"line":204,"column":0},"end":{"line":209,"column":null}}},"6":{"name":"(anonymous_7)","decl":{"start":{"line":210,"column":0},"end":{"line":210,"column":null}},"loc":{"start":{"line":210,"column":0},"end":{"line":216,"column":null}}}},"branchMap":{"0":{"loc":{"start":{"line":188,"column":0},"end":{"line":202,"column":null}},"type":"if","locations":[{"start":{"line":188,"column":0},"end":{"line":202,"column":null}},{"start":{"line":188,"column":0},"end":{"line":202,"column":null}}]},"1":{"loc":{"start":{"line":206,"column":0},"end":{"line":208,"column":null}},"type":"if","locations":[{"start":{"line":206,"column":0},"end":{"line":208,"column":null}},{"start":{"line":206,"column":0},"end":{"line":208,"column":null}}]},"2":{"loc":{"start":{"line":211,"column":0},"end":{"line":215,"column":null}},"type":"if","locations":[{"start":{"line":211,"column":0},"end":{"line":215,"column":null}},{"start":{"line":211,"column":0},"end":{"line":215,"column":null}}]},"3":{"loc":{"start":{"line":211,"column":0},"end":{"line":211,"column":null}},"type":"binary-expr","locations":[{"start":{"line":211,"column":0},"end":{"line":211,"column":null}},{"start":{"line":211,"column":0},"end":{"line":211,"column":null}},{"start":{"line":211,"column":0},"end":{"line":211,"column":null}}]}},"s":{"0":1,"1":1,"2":9,"3":1,"4":0,"5":0,"6":0,"7":0,"8":0,"9":0,"10":0,"11":2,"12":2,"13":0,"14":1,"15":1,"16":0},"f":{"0":9,"1":1,"2":0,"3":0,"4":0,"5":2,"6":1},"b":{"0":[0,0],"1":[0,2],"2":[1,0],"3":[1,0,0]}}
,"C:\\Users\\Cliente\\Documents\\squad-1-ad-vuejs-contaazul-1\\central-erros\\src\\views\\Login.vue": {"path":"C:\\Users\\Cliente\\Documents\\squad-1-ad-vuejs-contaazul-1\\central-erros\\src\\views\\Login.vue","statementMap":{"0":{"start":{"line":92,"column":0},"end":{"line":92,"column":null}},"1":{"start":{"line":93,"column":0},"end":{"line":93,"column":null}},"2":{"start":{"line":94,"column":0},"end":{"line":94,"column":null}},"3":{"start":{"line":99,"column":0},"end":{"line":99,"column":null}},"4":{"start":{"line":123,"column":0},"end":{"line":125,"column":null}},"5":{"start":{"line":124,"column":0},"end":{"line":124,"column":null}},"6":{"start":{"line":131,"column":0},"end":{"line":143,"column":null}},"7":{"start":{"line":132,"column":0},"end":{"line":132,"column":null}},"8":{"start":{"line":135,"column":0},"end":{"line":143,"column":null}},"9":{"start":{"line":136,"column":0},"end":{"line":136,"column":null}},"10":{"start":{"line":140,"column":0},"end":{"line":140,"column":null}},"11":{"start":{"line":146,"column":0},"end":{"line":146,"column":null}},"12":{"start":{"line":147,"column":0},"end":{"line":161,"column":null}},"13":{"start":{"line":148,"column":0},"end":{"line":148,"column":null}},"14":{"start":{"line":152,"column":0},"end":{"line":158,"column":null}},"15":{"start":{"line":153,"column":0},"end":{"line":153,"column":null}},"16":{"start":{"line":154,"column":0},"end":{"line":154,"column":null}},"17":{"start":{"line":155,"column":0},"end":{"line":155,"column":null}},"18":{"start":{"line":157,"column":0},"end":{"line":157,"column":null}},"19":{"start":{"line":160,"column":0},"end":{"line":160,"column":null}},"20":{"start":{"line":164,"column":0},"end":{"line":164,"column":null}},"21":{"start":{"line":165,"column":0},"end":{"line":165,"column":null}},"22":{"start":{"line":168,"column":0},"end":{"line":168,"column":null}},"23":{"start":{"line":169,"column":0},"end":{"line":171,"column":null}},"24":{"start":{"line":170,"column":0},"end":{"line":170,"column":null}},"25":{"start":{"line":174,"column":0},"end":{"line":178,"column":null}},"26":{"start":{"line":175,"column":0},"end":{"line":175,"column":null}},"27":{"start":{"line":177,"column":0},"end":{"line":177,"column":null}}},"fnMap":{"0":{"name":"(anonymous_1)","decl":{"start":{"line":98,"column":0},"end":{"line":98,"column":null}},"loc":{"start":{"line":98,"column":0},"end":{"line":107,"column":null}}},"1":{"name":"(anonymous_2)","decl":{"start":{"line":122,"column":0},"end":{"line":122,"column":null}},"loc":{"start":{"line":122,"column":0},"end":{"line":126,"column":null}}},"2":{"name":"(anonymous_3)","decl":{"start":{"line":130,"column":0},"end":{"line":130,"column":null}},"loc":{"start":{"line":130,"column":0},"end":{"line":144,"column":null}}},"3":{"name":"(anonymous_4)","decl":{"start":{"line":145,"column":0},"end":{"line":145,"column":null}},"loc":{"start":{"line":145,"column":0},"end":{"line":162,"column":null}}},"4":{"name":"(anonymous_5)","decl":{"start":{"line":163,"column":0},"end":{"line":163,"column":null}},"loc":{"start":{"line":163,"column":0},"end":{"line":166,"column":null}}},"5":{"name":"(anonymous_6)","decl":{"start":{"line":165,"column":0},"end":{"line":165,"column":null}},"loc":{"start":{"line":165,"column":0},"end":{"line":165,"column":null}}},"6":{"name":"(anonymous_7)","decl":{"start":{"line":167,"column":0},"end":{"line":167,"column":null}},"loc":{"start":{"line":167,"column":0},"end":{"line":172,"column":null}}},"7":{"name":"(anonymous_8)","decl":{"start":{"line":173,"column":0},"end":{"line":173,"column":null}},"loc":{"start":{"line":173,"column":0},"end":{"line":179,"column":null}}}},"branchMap":{"0":{"loc":{"start":{"line":123,"column":0},"end":{"line":125,"column":null}},"type":"if","locations":[{"start":{"line":123,"column":0},"end":{"line":125,"column":null}},{"start":{"line":123,"column":0},"end":{"line":125,"column":null}}]},"1":{"loc":{"start":{"line":131,"column":0},"end":{"line":143,"column":null}},"type":"if","locations":[{"start":{"line":131,"column":0},"end":{"line":143,"column":null}},{"start":{"line":131,"column":0},"end":{"line":143,"column":null}}]},"2":{"loc":{"start":{"line":135,"column":0},"end":{"line":143,"column":null}},"type":"if","locations":[{"start":{"line":135,"column":0},"end":{"line":143,"column":null}},{"start":{"line":135,"column":0},"end":{"line":143,"column":null}}]},"3":{"loc":{"start":{"line":147,"column":0},"end":{"line":161,"column":null}},"type":"if","locations":[{"start":{"line":147,"column":0},"end":{"line":161,"column":null}},{"start":{"line":147,"column":0},"end":{"line":161,"column":null}}]},"4":{"loc":{"start":{"line":152,"column":0},"end":{"line":158,"column":null}},"type":"if","locations":[{"start":{"line":152,"column":0},"end":{"line":158,"column":null}},{"start":{"line":152,"column":0},"end":{"line":158,"column":null}}]},"5":{"loc":{"start":{"line":169,"column":0},"end":{"line":171,"column":null}},"type":"if","locations":[{"start":{"line":169,"column":0},"end":{"line":171,"column":null}},{"start":{"line":169,"column":0},"end":{"line":171,"column":null}}]},"6":{"loc":{"start":{"line":174,"column":0},"end":{"line":178,"column":null}},"type":"if","locations":[{"start":{"line":174,"column":0},"end":{"line":178,"column":null}},{"start":{"line":174,"column":0},"end":{"line":178,"column":null}}]},"7":{"loc":{"start":{"line":174,"column":0},"end":{"line":174,"column":null}},"type":"binary-expr","locations":[{"start":{"line":174,"column":0},"end":{"line":174,"column":null}},{"start":{"line":174,"column":0},"end":{"line":174,"column":null}}]}},"s":{"0":1,"1":1,"2":1,"3":8,"4":8,"5":1,"6":0,"7":0,"8":0,"9":0,"10":0,"11":1,"12":0,"13":0,"14":0,"15":0,"16":0,"17":0,"18":0,"19":0,"20":1,"21":0,"22":1,"23":1,"24":0,"25":0,"26":0,"27":0},"f":{"0":8,"1":8,"2":0,"3":1,"4":1,"5":0,"6":1,"7":0},"b":{"0":[1,7],"1":[0,0],"2":[0,0],"3":[0,0],"4":[0,0],"5":[0,1],"6":[0,0],"7":[0,0]}}
,"C:\\Users\\Cliente\\Documents\\squad-1-ad-vuejs-contaazul-1\\central-erros\\src\\views\\Register.vue": {"path":"C:\\Users\\Cliente\\Documents\\squad-1-ad-vuejs-contaazul-1\\central-erros\\src\\views\\Register.vue","statementMap":{"0":{"start":{"line":136,"column":0},"end":{"line":136,"column":null}},"1":{"start":{"line":137,"column":0},"end":{"line":137,"column":null}},"2":{"start":{"line":138,"column":0},"end":{"line":138,"column":null}},"3":{"start":{"line":149,"column":0},"end":{"line":149,"column":null}},"4":{"start":{"line":181,"column":0},"end":{"line":181,"column":null}},"5":{"start":{"line":186,"column":0},"end":{"line":186,"column":null}},"6":{"start":{"line":187,"column":0},"end":{"line":187,"column":null}},"7":{"start":{"line":190,"column":0},"end":{"line":190,"column":null}},"8":{"start":{"line":191,"column":0},"end":{"line":191,"column":null}},"9":{"start":{"line":192,"column":0},"end":{"line":192,"column":null}},"10":{"start":{"line":198,"column":0},"end":{"line":198,"column":null}},"11":{"start":{"line":200,"column":0},"end":{"line":208,"column":null}},"12":{"start":{"line":201,"column":0},"end":{"line":202,"column":null}},"13":{"start":{"line":211,"column":0},"end":{"line":211,"column":null}},"14":{"start":{"line":212,"column":0},"end":{"line":212,"column":null}},"15":{"start":{"line":215,"column":0},"end":{"line":219,"column":null}},"16":{"start":{"line":216,"column":0},"end":{"line":216,"column":null}},"17":{"start":{"line":218,"column":0},"end":{"line":218,"column":null}}},"fnMap":{"0":{"name":"(anonymous_1)","decl":{"start":{"line":148,"column":0},"end":{"line":148,"column":null}},"loc":{"start":{"line":148,"column":0},"end":{"line":157,"column":null}}},"1":{"name":"(anonymous_2)","decl":{"start":{"line":180,"column":0},"end":{"line":180,"column":null}},"loc":{"start":{"line":180,"column":0},"end":{"line":184,"column":null}}},"2":{"name":"(anonymous_3)","decl":{"start":{"line":185,"column":0},"end":{"line":185,"column":null}},"loc":{"start":{"line":185,"column":0},"end":{"line":188,"column":null}}},"3":{"name":"(anonymous_4)","decl":{"start":{"line":187,"column":0},"end":{"line":187,"column":null}},"loc":{"start":{"line":187,"column":0},"end":{"line":187,"column":null}}},"4":{"name":"(anonymous_5)","decl":{"start":{"line":189,"column":0},"end":{"line":189,"column":null}},"loc":{"start":{"line":189,"column":0},"end":{"line":209,"column":null}}},"5":{"name":"(anonymous_6)","decl":{"start":{"line":210,"column":0},"end":{"line":210,"column":null}},"loc":{"start":{"line":210,"column":0},"end":{"line":213,"column":null}}},"6":{"name":"(anonymous_7)","decl":{"start":{"line":214,"column":0},"end":{"line":214,"column":null}},"loc":{"start":{"line":214,"column":0},"end":{"line":220,"column":null}}}},"branchMap":{"0":{"loc":{"start":{"line":200,"column":0},"end":{"line":208,"column":null}},"type":"if","locations":[{"start":{"line":200,"column":0},"end":{"line":208,"column":null}},{"start":{"line":200,"column":0},"end":{"line":208,"column":null}}]},"1":{"loc":{"start":{"line":200,"column":0},"end":{"line":200,"column":null}},"type":"binary-expr","locations":[{"start":{"line":200,"column":0},"end":{"line":200,"column":null}},{"start":{"line":200,"column":0},"end":{"line":200,"column":null}}]},"2":{"loc":{"start":{"line":215,"column":0},"end":{"line":219,"column":null}},"type":"if","locations":[{"start":{"line":215,"column":0},"end":{"line":219,"column":null}},{"start":{"line":215,"column":0},"end":{"line":219,"column":null}}]},"3":{"loc":{"start":{"line":215,"column":0},"end":{"line":215,"column":null}},"type":"binary-expr","locations":[{"start":{"line":215,"column":0},"end":{"line":215,"column":null}},{"start":{"line":215,"column":0},"end":{"line":215,"column":null}},{"start":{"line":215,"column":0},"end":{"line":215,"column":null}},{"start":{"line":215,"column":0},"end":{"line":215,"column":null}}]}},"s":{"0":1,"1":1,"2":1,"3":11,"4":1,"5":2,"6":0,"7":3,"8":3,"9":3,"10":3,"11":1,"12":0,"13":0,"14":0,"15":2,"16":1,"17":1},"f":{"0":11,"1":1,"2":2,"3":0,"4":3,"5":0,"6":2},"b":{"0":[0,1],"1":[1,0],"2":[1,1],"3":[2,1,1,1]}}
,"C:\\Users\\Cliente\\Documents\\squad-1-ad-vuejs-contaazul-1\\central-erros\\src\\views\\Logs\\Index.vue": {"path":"C:\\Users\\Cliente\\Documents\\squad-1-ad-vuejs-contaazul-1\\central-erros\\src\\views\\Logs\\Index.vue","statementMap":{"0":{"start":{"line":119,"column":0},"end":{"line":119,"column":null}},"1":{"start":{"line":120,"column":0},"end":{"line":120,"column":null}},"2":{"start":{"line":121,"column":0},"end":{"line":121,"column":null}},"3":{"start":{"line":130,"column":0},"end":{"line":130,"column":null}},"4":{"start":{"line":137,"column":0},"end":{"line":137,"column":null}},"5":{"start":{"line":140,"column":0},"end":{"line":150,"column":null}},"6":{"start":{"line":141,"column":0},"end":{"line":141,"column":null}},"7":{"start":{"line":144,"column":0},"end":{"line":150,"column":null}},"8":{"start":{"line":145,"column":0},"end":{"line":145,"column":null}},"9":{"start":{"line":146,"column":0},"end":{"line":146,"column":null}},"10":{"start":{"line":147,"column":0},"end":{"line":147,"column":null}},"11":{"start":{"line":153,"column":0},"end":{"line":153,"column":null}},"12":{"start":{"line":154,"column":0},"end":{"line":154,"column":null}}},"fnMap":{"0":{"name":"(anonymous_1)","decl":{"start":{"line":129,"column":0},"end":{"line":129,"column":null}},"loc":{"start":{"line":129,"column":0},"end":{"line":133,"column":null}}},"1":{"name":"(anonymous_2)","decl":{"start":{"line":136,"column":0},"end":{"line":136,"column":null}},"loc":{"start":{"line":136,"column":0},"end":{"line":138,"column":null}}},"2":{"name":"(anonymous_3)","decl":{"start":{"line":139,"column":0},"end":{"line":139,"column":null}},"loc":{"start":{"line":139,"column":0},"end":{"line":151,"column":null}}},"3":{"name":"(anonymous_4)","decl":{"start":{"line":152,"column":0},"end":{"line":152,"column":null}},"loc":{"start":{"line":152,"column":0},"end":{"line":155,"column":null}}}},"branchMap":{"0":{"loc":{"start":{"line":140,"column":0},"end":{"line":150,"column":null}},"type":"if","locations":[{"start":{"line":140,"column":0},"end":{"line":150,"column":null}},{"start":{"line":140,"column":0},"end":{"line":150,"column":null}}]},"1":{"loc":{"start":{"line":144,"column":0},"end":{"line":150,"column":null}},"type":"if","locations":[{"start":{"line":144,"column":0},"end":{"line":150,"column":null}},{"start":{"line":144,"column":0},"end":{"line":150,"column":null}}]}},"s":{"0":1,"1":1,"2":1,"3":2,"4":0,"5":0,"6":0,"7":0,"8":0,"9":0,"10":0,"11":0,"12":0},"f":{"0":2,"1":0,"2":0,"3":0},"b":{"0":[0,0],"1":[0,0]}}
,"C:\\Users\\Cliente\\Documents\\squad-1-ad-vuejs-contaazul-1\\central-erros\\src\\views\\Logs\\Logs.vue": {"path":"C:\\Users\\Cliente\\Documents\\squad-1-ad-vuejs-contaazul-1\\central-erros\\src\\views\\Logs\\Logs.vue","statementMap":{"0":{"start":{"line":124,"column":0},"end":{"line":124,"column":null}},"1":{"start":{"line":125,"column":0},"end":{"line":125,"column":null}},"2":{"start":{"line":131,"column":0},"end":{"line":131,"column":null}},"3":{"start":{"line":138,"column":0},"end":{"line":138,"column":null}},"4":{"start":{"line":155,"column":0},"end":{"line":155,"column":null}},"5":{"start":{"line":159,"column":0},"end":{"line":159,"column":null}},"6":{"start":{"line":162,"column":0},"end":{"line":162,"column":null}},"7":{"start":{"line":165,"column":0},"end":{"line":165,"column":null}},"8":{"start":{"line":168,"column":0},"end":{"line":168,"column":null}},"9":{"start":{"line":171,"column":0},"end":{"line":171,"column":null}},"10":{"start":{"line":172,"column":0},"end":{"line":172,"column":null}},"11":{"start":{"line":173,"column":0},"end":{"line":173,"column":null}},"12":{"start":{"line":176,"column":0},"end":{"line":178,"column":null}},"13":{"start":{"line":177,"column":0},"end":{"line":177,"column":null}},"14":{"start":{"line":180,"column":0},"end":{"line":182,"column":null}},"15":{"start":{"line":181,"column":0},"end":{"line":181,"column":null}},"16":{"start":{"line":184,"column":0},"end":{"line":186,"column":null}},"17":{"start":{"line":185,"column":0},"end":{"line":185,"column":null}},"18":{"start":{"line":188,"column":0},"end":{"line":188,"column":null}},"19":{"start":{"line":191,"column":0},"end":{"line":191,"column":null}},"20":{"start":{"line":194,"column":0},"end":{"line":194,"column":null}},"21":{"start":{"line":197,"column":0},"end":{"line":197,"column":null}}},"fnMap":{"0":{"name":"(anonymous_1)","decl":{"start":{"line":130,"column":0},"end":{"line":130,"column":null}},"loc":{"start":{"line":130,"column":0},"end":{"line":136,"column":null}}},"1":{"name":"(anonymous_2)","decl":{"start":{"line":137,"column":0},"end":{"line":137,"column":null}},"loc":{"start":{"line":137,"column":0},"end":{"line":139,"column":null}}},"2":{"name":"(anonymous_3)","decl":{"start":{"line":154,"column":0},"end":{"line":154,"column":null}},"loc":{"start":{"line":154,"column":0},"end":{"line":156,"column":null}}},"3":{"name":"(anonymous_4)","decl":{"start":{"line":158,"column":0},"end":{"line":158,"column":null}},"loc":{"start":{"line":158,"column":0},"end":{"line":160,"column":null}}},"4":{"name":"(anonymous_5)","decl":{"start":{"line":161,"column":0},"end":{"line":161,"column":null}},"loc":{"start":{"line":161,"column":0},"end":{"line":163,"column":null}}},"5":{"name":"(anonymous_6)","decl":{"start":{"line":164,"column":0},"end":{"line":164,"column":null}},"loc":{"start":{"line":164,"column":0},"end":{"line":166,"column":null}}},"6":{"name":"(anonymous_7)","decl":{"start":{"line":167,"column":0},"end":{"line":167,"column":null}},"loc":{"start":{"line":167,"column":0},"end":{"line":169,"column":null}}},"7":{"name":"(anonymous_8)","decl":{"start":{"line":170,"column":0},"end":{"line":170,"column":null}},"loc":{"start":{"line":170,"column":0},"end":{"line":174,"column":null}}},"8":{"name":"(anonymous_9)","decl":{"start":{"line":175,"column":0},"end":{"line":175,"column":null}},"loc":{"start":{"line":175,"column":0},"end":{"line":189,"column":null}}},"9":{"name":"(anonymous_10)","decl":{"start":{"line":190,"column":0},"end":{"line":190,"column":null}},"loc":{"start":{"line":190,"column":0},"end":{"line":192,"column":null}}},"10":{"name":"(anonymous_11)","decl":{"start":{"line":193,"column":0},"end":{"line":193,"column":null}},"loc":{"start":{"line":193,"column":0},"end":{"line":195,"column":null}}},"11":{"name":"(anonymous_12)","decl":{"start":{"line":196,"column":0},"end":{"line":196,"column":null}},"loc":{"start":{"line":196,"column":0},"end":{"line":198,"column":null}}}},"branchMap":{"0":{"loc":{"start":{"line":176,"column":0},"end":{"line":178,"column":null}},"type":"if","locations":[{"start":{"line":176,"column":0},"end":{"line":178,"column":null}},{"start":{"line":176,"column":0},"end":{"line":178,"column":null}}]},"1":{"loc":{"start":{"line":180,"column":0},"end":{"line":182,"column":null}},"type":"if","locations":[{"start":{"line":180,"column":0},"end":{"line":182,"column":null}},{"start":{"line":180,"column":0},"end":{"line":182,"column":null}}]},"2":{"loc":{"start":{"line":184,"column":0},"end":{"line":186,"column":null}},"type":"if","locations":[{"start":{"line":184,"column":0},"end":{"line":186,"column":null}},{"start":{"line":184,"column":0},"end":{"line":186,"column":null}}]}},"s":{"0":1,"1":1,"2":0,"3":0,"4":0,"5":0,"6":0,"7":0,"8":0,"9":0,"10":0,"11":0,"12":0,"13":0,"14":0,"15":0,"16":0,"17":0,"18":0,"19":0,"20":0,"21":0},"f":{"0":0,"1":0,"2":0,"3":0,"4":0,"5":0,"6":0,"7":0,"8":0,"9":0,"10":0,"11":0},"b":{"0":[0,0],"1":[0,0],"2":[0,0]}}
,"C:\\Users\\Cliente\\Documents\\squad-1-ad-vuejs-contaazul-1\\central-erros\\src\\views\\Logs\\ModalCofirmacao.vue": {"path":"C:\\Users\\Cliente\\Documents\\squad-1-ad-vuejs-contaazul-1\\central-erros\\src\\views\\Logs\\ModalCofirmacao.vue","statementMap":{"0":{"start":{"line":38,"column":0},"end":{"line":40,"column":null}},"1":{"start":{"line":39,"column":0},"end":{"line":39,"column":null}},"2":{"start":{"line":42,"column":0},"end":{"line":44,"column":null}},"3":{"start":{"line":43,"column":0},"end":{"line":43,"column":null}},"4":{"start":{"line":46,"column":0},"end":{"line":48,"column":null}},"5":{"start":{"line":47,"column":0},"end":{"line":47,"column":null}},"6":{"start":{"line":50,"column":0},"end":{"line":50,"column":null}},"7":{"start":{"line":55,"column":0},"end":{"line":55,"column":null}},"8":{"start":{"line":58,"column":0},"end":{"line":58,"column":null}}},"fnMap":{"0":{"name":"(anonymous_1)","decl":{"start":{"line":37,"column":0},"end":{"line":37,"column":null}},"loc":{"start":{"line":37,"column":0},"end":{"line":51,"column":null}}},"1":{"name":"(anonymous_2)","decl":{"start":{"line":54,"column":0},"end":{"line":54,"column":null}},"loc":{"start":{"line":54,"column":0},"end":{"line":56,"column":null}}},"2":{"name":"(anonymous_3)","decl":{"start":{"line":57,"column":0},"end":{"line":57,"column":null}},"loc":{"start":{"line":57,"column":0},"end":{"line":59,"column":null}}}},"branchMap":{"0":{"loc":{"start":{"line":38,"column":0},"end":{"line":40,"column":null}},"type":"if","locations":[{"start":{"line":38,"column":0},"end":{"line":40,"column":null}},{"start":{"line":38,"column":0},"end":{"line":40,"column":null}}]},"1":{"loc":{"start":{"line":42,"column":0},"end":{"line":44,"column":null}},"type":"if","locations":[{"start":{"line":42,"column":0},"end":{"line":44,"column":null}},{"start":{"line":42,"column":0},"end":{"line":44,"column":null}}]},"2":{"loc":{"start":{"line":46,"column":0},"end":{"line":48,"column":null}},"type":"if","locations":[{"start":{"line":46,"column":0},"end":{"line":48,"column":null}},{"start":{"line":46,"column":0},"end":{"line":48,"column":null}}]}},"s":{"0":0,"1":0,"2":0,"3":0,"4":0,"5":0,"6":0,"7":0,"8":0},"f":{"0":0,"1":0,"2":0},"b":{"0":[0,0],"1":[0,0],"2":[0,0]}}
,"C:\\Users\\Cliente\\Documents\\squad-1-ad-vuejs-contaazul-1\\central-erros\\src\\views\\Logs\\Toolbar.vue": {"path":"C:\\Users\\Cliente\\Documents\\squad-1-ad-vuejs-contaazul-1\\central-erros\\src\\views\\Logs\\Toolbar.vue","statementMap":{"0":{"start":{"line":138,"column":0},"end":{"line":138,"column":null}},"1":{"start":{"line":143,"column":0},"end":{"line":143,"column":null}},"2":{"start":{"line":150,"column":0},"end":{"line":150,"column":null}},"3":{"start":{"line":162,"column":0},"end":{"line":162,"column":null}},"4":{"start":{"line":165,"column":0},"end":{"line":165,"column":null}},"5":{"start":{"line":169,"column":0},"end":{"line":169,"column":null}},"6":{"start":{"line":170,"column":0},"end":{"line":170,"column":null}},"7":{"start":{"line":171,"column":0},"end":{"line":171,"column":null}}},"fnMap":{"0":{"name":"(anonymous_1)","decl":{"start":{"line":142,"column":0},"end":{"line":142,"column":null}},"loc":{"start":{"line":142,"column":0},"end":{"line":147,"column":null}}},"1":{"name":"(anonymous_2)","decl":{"start":{"line":149,"column":0},"end":{"line":149,"column":null}},"loc":{"start":{"line":149,"column":0},"end":{"line":151,"column":null}}},"2":{"name":"(anonymous_3)","decl":{"start":{"line":161,"column":0},"end":{"line":161,"column":null}},"loc":{"start":{"line":161,"column":0},"end":{"line":163,"column":null}}},"3":{"name":"(anonymous_4)","decl":{"start":{"line":164,"column":0},"end":{"line":164,"column":null}},"loc":{"start":{"line":164,"column":0},"end":{"line":166,"column":null}}},"4":{"name":"(anonymous_5)","decl":{"start":{"line":168,"column":0},"end":{"line":168,"column":null}},"loc":{"start":{"line":168,"column":0},"end":{"line":172,"column":null}}}},"branchMap":{},"s":{"0":1,"1":0,"2":0,"3":0,"4":0,"5":0,"6":0,"7":0},"f":{"0":0,"1":0,"2":0,"3":0,"4":0},"b":{}}
}
