TN:
SF:C:\Users\Cliente\Documents\squad-1-ad-vuejs-contaazul-1\src\env.js
FN:5,(anonymous_0)
FNF:1
FNH:0
FNDA:0,(anonymous_0)
DA:3,3
DA:5,3
DA:6,0
LF:3
LH:2
BRF:0
BRH:0
end_of_record
TN:
SF:C:\Users\Cliente\Documents\squad-1-ad-vuejs-contaazul-1\src\services\login.js
FN:4,(anonymous_0)
FN:8,(anonymous_1)
FN:12,(anonymous_2)
FN:16,(anonymous_3)
FN:18,(anonymous_4)
FNF:5
FNH:1
FNDA:0,(anonymous_0)
FNDA:3,(anonymous_1)
FNDA:0,(anonymous_2)
FNDA:0,(anonymous_3)
FNDA:0,(anonymous_4)
DA:4,3
DA:5,0
DA:8,3
DA:9,3
DA:12,3
DA:13,0
DA:16,3
DA:17,0
DA:18,0
DA:19,0
LF:10
LH:5
BRDA:18,0,0,0
BRDA:18,0,1,0
BRF:2
BRH:0
end_of_record
TN:
SF:C:\Users\Cliente\Documents\squad-1-ad-vuejs-contaazul-1\src\views\ChangePassword.vue
FN:146,(anonymous_1)
FN:176,(anonymous_2)
FN:181,(anonymous_3)
FN:183,(anonymous_4)
FN:185,(anonymous_5)
FN:204,(anonymous_6)
FN:210,(anonymous_7)
FNF:7
FNH:4
FNDA:9,(anonymous_1)
FNDA:1,(anonymous_2)
FNDA:0,(anonymous_3)
FNDA:0,(anonymous_4)
FNDA:0,(anonymous_5)
FNDA:2,(anonymous_6)
FNDA:1,(anonymous_7)
DA:135,1
DA:136,1
DA:147,9
DA:177,1
DA:182,0
DA:183,0
DA:186,0
DA:188,0
DA:189,0
DA:193,0
DA:201,0
DA:205,2
DA:206,2
DA:207,0
DA:211,1
DA:212,1
DA:214,0
LF:17
LH:8
BRDA:188,0,0,0
BRDA:188,0,1,0
BRDA:206,1,0,0
BRDA:206,1,1,2
BRDA:211,2,0,1
BRDA:211,2,1,0
BRDA:211,3,0,1
BRDA:211,3,1,0
BRDA:211,3,2,0
BRF:9
BRH:3
end_of_record
TN:
SF:C:\Users\Cliente\Documents\squad-1-ad-vuejs-contaazul-1\src\views\Login.vue
FN:98,(anonymous_1)
FN:122,(anonymous_2)
FN:130,(anonymous_3)
FN:145,(anonymous_4)
FN:163,(anonymous_5)
FN:165,(anonymous_6)
FN:167,(anonymous_7)
FN:173,(anonymous_8)
FNF:8
FNH:5
FNDA:8,(anonymous_1)
FNDA:8,(anonymous_2)
FNDA:0,(anonymous_3)
FNDA:1,(anonymous_4)
FNDA:1,(anonymous_5)
FNDA:0,(anonymous_6)
FNDA:1,(anonymous_7)
FNDA:0,(anonymous_8)
DA:92,1
DA:93,1
DA:94,1
DA:99,8
DA:123,8
DA:124,1
DA:131,0
DA:132,0
DA:135,0
DA:136,0
DA:140,0
DA:146,1
DA:147,0
DA:148,0
DA:152,0
DA:153,0
DA:154,0
DA:155,0
DA:157,0
DA:160,0
DA:164,1
DA:165,0
DA:168,1
DA:169,1
DA:170,0
DA:174,0
DA:175,0
DA:177,0
LF:28
LH:10
BRDA:123,0,0,1
BRDA:123,0,1,7
BRDA:131,1,0,0
BRDA:131,1,1,0
BRDA:135,2,0,0
BRDA:135,2,1,0
BRDA:147,3,0,0
BRDA:147,3,1,0
BRDA:152,4,0,0
BRDA:152,4,1,0
BRDA:169,5,0,0
BRDA:169,5,1,1
BRDA:174,6,0,0
BRDA:174,6,1,0
BRDA:174,7,0,0
BRDA:174,7,1,0
BRF:16
BRH:3
end_of_record
TN:
SF:C:\Users\Cliente\Documents\squad-1-ad-vuejs-contaazul-1\src\views\Register.vue
FN:148,(anonymous_1)
FN:180,(anonymous_2)
FN:185,(anonymous_3)
FN:187,(anonymous_4)
FN:189,(anonymous_5)
FN:210,(anonymous_6)
FN:214,(anonymous_7)
FNF:7
FNH:5
FNDA:11,(anonymous_1)
FNDA:1,(anonymous_2)
FNDA:2,(anonymous_3)
FNDA:0,(anonymous_4)
FNDA:3,(anonymous_5)
FNDA:0,(anonymous_6)
FNDA:2,(anonymous_7)
DA:136,1
DA:137,1
DA:138,1
DA:149,11
DA:181,1
DA:186,2
DA:187,0
DA:190,3
DA:191,3
DA:192,3
DA:198,3
DA:200,1
DA:201,0
DA:211,0
DA:212,0
DA:215,2
DA:216,1
DA:218,1
LF:18
LH:14
BRDA:200,0,0,0
BRDA:200,0,1,1
BRDA:200,1,0,1
BRDA:200,1,1,0
BRDA:215,2,0,1
BRDA:215,2,1,1
BRDA:215,3,0,2
BRDA:215,3,1,1
BRDA:215,3,2,1
BRDA:215,3,3,1
BRF:10
BRH:8
end_of_record
TN:
SF:C:\Users\Cliente\Documents\squad-1-ad-vuejs-contaazul-1\src\views\Logs\Index.vue
FN:143,(anonymous_1)
FN:150,(anonymous_2)
FN:153,(anonymous_3)
FN:166,(anonymous_4)
FNF:4
FNH:1
FNDA:1,(anonymous_1)
FNDA:0,(anonymous_2)
FNDA:0,(anonymous_3)
FNDA:0,(anonymous_4)
DA:133,1
DA:134,1
DA:135,1
DA:144,1
DA:151,0
DA:154,0
DA:155,0
DA:158,0
DA:159,0
DA:160,0
DA:161,0
DA:167,0
DA:168,0
LF:13
LH:4
BRDA:154,0,0,0
BRDA:154,0,1,0
BRDA:158,1,0,0
BRDA:158,1,1,0
BRF:4
BRH:0
end_of_record
TN:
SF:C:\Users\Cliente\Documents\squad-1-ad-vuejs-contaazul-1\src\views\Logs\Logs.vue
FN:130,(anonymous_1)
FN:137,(anonymous_2)
FN:154,(anonymous_3)
FN:158,(anonymous_4)
FN:161,(anonymous_5)
FN:164,(anonymous_6)
FN:167,(anonymous_7)
FN:170,(anonymous_8)
FN:175,(anonymous_9)
FN:190,(anonymous_10)
FN:193,(anonymous_11)
FN:196,(anonymous_12)
FNF:12
FNH:0
FNDA:0,(anonymous_1)
FNDA:0,(anonymous_2)
FNDA:0,(anonymous_3)
FNDA:0,(anonymous_4)
FNDA:0,(anonymous_5)
FNDA:0,(anonymous_6)
FNDA:0,(anonymous_7)
FNDA:0,(anonymous_8)
FNDA:0,(anonymous_9)
FNDA:0,(anonymous_10)
FNDA:0,(anonymous_11)
FNDA:0,(anonymous_12)
DA:124,1
DA:125,1
DA:131,0
DA:138,0
DA:155,0
DA:159,0
DA:162,0
DA:165,0
DA:168,0
DA:171,0
DA:172,0
DA:173,0
DA:176,0
DA:177,0
DA:180,0
DA:181,0
DA:184,0
DA:185,0
DA:188,0
DA:191,0
DA:194,0
DA:197,0
LF:22
LH:2
BRDA:176,0,0,0
BRDA:176,0,1,0
BRDA:180,1,0,0
BRDA:180,1,1,0
BRDA:184,2,0,0
BRDA:184,2,1,0
BRF:6
BRH:0
end_of_record
TN:
SF:C:\Users\Cliente\Documents\squad-1-ad-vuejs-contaazul-1\src\views\Logs\ModalCofirmacao.vue
FN:37,(anonymous_1)
FN:54,(anonymous_2)
FN:57,(anonymous_3)
FNF:3
FNH:0
FNDA:0,(anonymous_1)
FNDA:0,(anonymous_2)
FNDA:0,(anonymous_3)
DA:38,0
DA:39,0
DA:42,0
DA:43,0
DA:46,0
DA:47,0
DA:50,0
DA:55,0
DA:58,0
LF:9
LH:0
BRDA:38,0,0,0
BRDA:38,0,1,0
BRDA:42,1,0,0
BRDA:42,1,1,0
BRDA:46,2,0,0
BRDA:46,2,1,0
BRF:6
BRH:0
end_of_record
TN:
SF:C:\Users\Cliente\Documents\squad-1-ad-vuejs-contaazul-1\src\views\Logs\Toolbar.vue
FN:142,(anonymous_1)
FN:149,(anonymous_2)
FN:161,(anonymous_3)
FN:164,(anonymous_4)
FN:168,(anonymous_5)
FNF:5
FNH:0
FNDA:0,(anonymous_1)
FNDA:0,(anonymous_2)
FNDA:0,(anonymous_3)
FNDA:0,(anonymous_4)
FNDA:0,(anonymous_5)
DA:138,1
DA:143,0
DA:150,0
DA:162,0
DA:165,0
DA:169,0
DA:170,0
DA:171,0
LF:8
LH:1
BRF:0
BRH:0
end_of_record
